28/04/2016 15:00:20 (Std) 	+-+-+-+-+-+-+-+-+-+-+-+-+-+-+-+-+-+-+-+-+-+-+-+-+-+-+-+-+-+-+-+-+-+-+-+-+-+-+-+
28/04/2016 15:00:20 (Std) 	+                     Crazy Eddie's GUI System - Event log                    +
28/04/2016 15:00:20 (Std) 	+                          (http://www.cegui.org.uk/)                         +
28/04/2016 15:00:20 (Std) 	+-+-+-+-+-+-+-+-+-+-+-+-+-+-+-+-+-+-+-+-+-+-+-+-+-+-+-+-+-+-+-+-+-+-+-+-+-+-+-+

28/04/2016 15:00:20 (Std) 	CEGUI::Logger singleton created. (0x6ff2dc0)
28/04/2016 15:00:20 (Std) 	
28/04/2016 15:00:20 (Std) 	********************************************************************************
28/04/2016 15:00:20 (Std) 	* Important:                                                                   *
28/04/2016 15:00:20 (Std) 	*     To get support at the CEGUI forums, you must post _at least_ the section *
28/04/2016 15:00:20 (Std) 	*     of this log file indicated below.  Failure to do this will result in no  *
28/04/2016 15:00:20 (Std) 	*     support being given; please do not waste our time.                       *
28/04/2016 15:00:20 (Std) 	********************************************************************************
28/04/2016 15:00:20 (Std) 	********************************************************************************
28/04/2016 15:00:20 (Std) 	* -------- START OF ESSENTIAL SECTION TO BE POSTED ON THE FORUM       -------- *
28/04/2016 15:00:20 (Std) 	********************************************************************************
28/04/2016 15:00:20 (Std) 	---- Version: 0.8.5 (Build: Mar 14 2016 GNU/Linux g++ 4.8.4 64 bit) ----
28/04/2016 15:00:20 (Std) 	---- Renderer module is: CEGUI::OpenGL3Renderer - Official OpenGL 3.2 core based renderer module.  TextureTarget support enabled via FBO OGL 3.2 core implementation. ----
28/04/2016 15:00:20 (Std) 	---- XML Parser module is: CEGUI::ExpatParser - Official expat based parser module for CEGUI ----
28/04/2016 15:00:20 (Std) 	---- Image Codec module is: DevILImageCodec - Official DevIL based image codec ----
28/04/2016 15:00:20 (Std) 	---- Scripting module is: None ----
28/04/2016 15:00:20 (Std) 	********************************************************************************
28/04/2016 15:00:20 (Std) 	* -------- END OF ESSENTIAL SECTION TO BE POSTED ON THE FORUM         -------- *
28/04/2016 15:00:20 (Std) 	********************************************************************************
28/04/2016 15:00:20 (Std) 	
28/04/2016 15:00:20 (Std) 	---- Begining CEGUI System initialisation ----
28/04/2016 15:00:20 (Std) 	[CEGUI::ImageManager] Singleton created (0x1a44cd0)
28/04/2016 15:00:20 (Std) 	[CEGUI::ImageManager] Registered Image type: BasicImage
28/04/2016 15:00:20 (Std) 	CEGUI::FontManager singleton created. (0x1a3b780)
28/04/2016 15:00:20 (Std) 	CEGUI::WindowFactoryManager singleton created
28/04/2016 15:00:20 (Std) 	CEGUI::WindowManager singleton created (0x1a3b8b0)
28/04/2016 15:00:20 (Std) 	CEGUI::SchemeManager singleton created. (0x1a42610)
28/04/2016 15:00:20 (Std) 	CEGUI::GlobalEventSet singleton created. (0x1a44250)
28/04/2016 15:00:20 (Std) 	CEGUI::AnimationManager singleton created (0x1a44c00)
28/04/2016 15:00:20 (Std) 	CEGUI::WidgetLookManager singleton created. (0x1a4bc70)
28/04/2016 15:00:20 (Std) 	CEGUI::WindowRendererManager singleton created (0x1a404b0)
28/04/2016 15:00:20 (Std) 	CEGUI::RenderEffectManager singleton created (0x1a388f0)
28/04/2016 15:00:20 (Std) 	Created WindowFactory for 'DefaultWindow' windows.
28/04/2016 15:00:20 (Std) 	WindowFactory for 'DefaultWindow' windows added. (0x190e470)
28/04/2016 15:00:20 (Std) 	Created WindowFactory for 'DragContainer' windows.
28/04/2016 15:00:20 (Std) 	WindowFactory for 'DragContainer' windows added. (0x190e610)
28/04/2016 15:00:20 (Std) 	Created WindowFactory for 'ScrolledContainer' windows.
28/04/2016 15:00:20 (Std) 	WindowFactory for 'ScrolledContainer' windows added. (0x1912290)
28/04/2016 15:00:20 (Std) 	Created WindowFactory for 'ClippedContainer' windows.
28/04/2016 15:00:20 (Std) 	WindowFactory for 'ClippedContainer' windows added. (0x1a33a10)
28/04/2016 15:00:20 (Std) 	Created WindowFactory for 'CEGUI/PushButton' windows.
28/04/2016 15:00:20 (Std) 	WindowFactory for 'CEGUI/PushButton' windows added. (0x1a33bb0)
28/04/2016 15:00:20 (Std) 	Created WindowFactory for 'CEGUI/RadioButton' windows.
28/04/2016 15:00:20 (Std) 	WindowFactory for 'CEGUI/RadioButton' windows added. (0x1a3cfb0)
28/04/2016 15:00:20 (Std) 	Created WindowFactory for 'CEGUI/Combobox' windows.
28/04/2016 15:00:20 (Std) 	WindowFactory for 'CEGUI/Combobox' windows added. (0x1a47db0)
28/04/2016 15:00:20 (Std) 	Created WindowFactory for 'CEGUI/ComboDropList' windows.
28/04/2016 15:00:20 (Std) 	WindowFactory for 'CEGUI/ComboDropList' windows added. (0x1a47f50)
28/04/2016 15:00:20 (Std) 	Created WindowFactory for 'CEGUI/Editbox' windows.
28/04/2016 15:00:20 (Std) 	WindowFactory for 'CEGUI/Editbox' windows added. (0x19145b0)
28/04/2016 15:00:20 (Std) 	Created WindowFactory for 'CEGUI/FrameWindow' windows.
28/04/2016 15:00:20 (Std) 	WindowFactory for 'CEGUI/FrameWindow' windows added. (0x1914750)
28/04/2016 15:00:20 (Std) 	Created WindowFactory for 'CEGUI/ItemEntry' windows.
28/04/2016 15:00:20 (Std) 	WindowFactory for 'CEGUI/ItemEntry' windows added. (0x1a4c7b0)
28/04/2016 15:00:20 (Std) 	Created WindowFactory for 'CEGUI/Listbox' windows.
28/04/2016 15:00:20 (Std) 	WindowFactory for 'CEGUI/Listbox' windows added. (0x1a4c950)
28/04/2016 15:00:20 (Std) 	Created WindowFactory for 'CEGUI/ListHeader' windows.
28/04/2016 15:00:20 (Std) 	WindowFactory for 'CEGUI/ListHeader' windows added. (0x6fff3c0)
28/04/2016 15:00:20 (Std) 	Created WindowFactory for 'CEGUI/ListHeaderSegment' windows.
28/04/2016 15:00:20 (Std) 	WindowFactory for 'CEGUI/ListHeaderSegment' windows added. (0x6fff560)
28/04/2016 15:00:20 (Std) 	Created WindowFactory for 'CEGUI/Menubar' windows.
28/04/2016 15:00:20 (Std) 	WindowFactory for 'CEGUI/Menubar' windows added. (0x6fff700)
28/04/2016 15:00:20 (Std) 	Created WindowFactory for 'CEGUI/PopupMenu' windows.
28/04/2016 15:00:20 (Std) 	WindowFactory for 'CEGUI/PopupMenu' windows added. (0x6fff8a0)
28/04/2016 15:00:20 (Std) 	Created WindowFactory for 'CEGUI/MenuItem' windows.
28/04/2016 15:00:20 (Std) 	WindowFactory for 'CEGUI/MenuItem' windows added. (0x6fffa40)
28/04/2016 15:00:20 (Std) 	Created WindowFactory for 'CEGUI/MultiColumnList' windows.
28/04/2016 15:00:20 (Std) 	WindowFactory for 'CEGUI/MultiColumnList' windows added. (0x6fffcf0)
28/04/2016 15:00:20 (Std) 	Created WindowFactory for 'CEGUI/MultiLineEditbox' windows.
28/04/2016 15:00:20 (Std) 	WindowFactory for 'CEGUI/MultiLineEditbox' windows added. (0x6fffe90)
28/04/2016 15:00:20 (Std) 	Created WindowFactory for 'CEGUI/ProgressBar' windows.
28/04/2016 15:00:20 (Std) 	WindowFactory for 'CEGUI/ProgressBar' windows added. (0x7000030)
28/04/2016 15:00:20 (Std) 	Created WindowFactory for 'CEGUI/ScrollablePane' windows.
28/04/2016 15:00:20 (Std) 	WindowFactory for 'CEGUI/ScrollablePane' windows added. (0x70001d0)
28/04/2016 15:00:20 (Std) 	Created WindowFactory for 'CEGUI/Scrollbar' windows.
28/04/2016 15:00:20 (Std) 	WindowFactory for 'CEGUI/Scrollbar' windows added. (0x7000370)
28/04/2016 15:00:20 (Std) 	Created WindowFactory for 'CEGUI/Slider' windows.
28/04/2016 15:00:20 (Std) 	WindowFactory for 'CEGUI/Slider' windows added. (0x7000510)
28/04/2016 15:00:20 (Std) 	Created WindowFactory for 'CEGUI/Spinner' windows.
28/04/2016 15:00:20 (Std) 	WindowFactory for 'CEGUI/Spinner' windows added. (0x70006b0)
28/04/2016 15:00:20 (Std) 	Created WindowFactory for 'CEGUI/TabButton' windows.
28/04/2016 15:00:20 (Std) 	WindowFactory for 'CEGUI/TabButton' windows added. (0x7000850)
28/04/2016 15:00:20 (Std) 	Created WindowFactory for 'CEGUI/TabControl' windows.
28/04/2016 15:00:20 (Std) 	WindowFactory for 'CEGUI/TabControl' windows added. (0x70009f0)
28/04/2016 15:00:20 (Std) 	Created WindowFactory for 'CEGUI/Thumb' windows.
28/04/2016 15:00:20 (Std) 	WindowFactory for 'CEGUI/Thumb' windows added. (0x7002300)
28/04/2016 15:00:20 (Std) 	Created WindowFactory for 'CEGUI/Titlebar' windows.
28/04/2016 15:00:20 (Std) 	WindowFactory for 'CEGUI/Titlebar' windows added. (0x70024a0)
28/04/2016 15:00:20 (Std) 	Created WindowFactory for 'CEGUI/ToggleButton' windows.
28/04/2016 15:00:20 (Std) 	WindowFactory for 'CEGUI/ToggleButton' windows added. (0x7002640)
28/04/2016 15:00:20 (Std) 	Created WindowFactory for 'CEGUI/Tooltip' windows.
28/04/2016 15:00:20 (Std) 	WindowFactory for 'CEGUI/Tooltip' windows added. (0x70027e0)
28/04/2016 15:00:20 (Std) 	Created WindowFactory for 'CEGUI/ItemListbox' windows.
28/04/2016 15:00:20 (Std) 	WindowFactory for 'CEGUI/ItemListbox' windows added. (0x7002980)
28/04/2016 15:00:20 (Std) 	Created WindowFactory for 'CEGUI/GroupBox' windows.
28/04/2016 15:00:20 (Std) 	WindowFactory for 'CEGUI/GroupBox' windows added. (0x7002b20)
28/04/2016 15:00:20 (Std) 	Created WindowFactory for 'CEGUI/Tree' windows.
28/04/2016 15:00:20 (Std) 	WindowFactory for 'CEGUI/Tree' windows added. (0x7002cc0)
28/04/2016 15:00:20 (Std) 	Created WindowFactory for 'LayoutCell' windows.
28/04/2016 15:00:20 (Std) 	WindowFactory for 'LayoutCell' windows added. (0x6fffbe0)
28/04/2016 15:00:20 (Std) 	Created WindowFactory for 'HorizontalLayoutContainer' windows.
28/04/2016 15:00:20 (Std) 	WindowFactory for 'HorizontalLayoutContainer' windows added. (0x7003150)
28/04/2016 15:00:20 (Std) 	Created WindowFactory for 'VerticalLayoutContainer' windows.
28/04/2016 15:00:20 (Std) 	WindowFactory for 'VerticalLayoutContainer' windows added. (0x70032f0)
28/04/2016 15:00:20 (Std) 	Created WindowFactory for 'GridLayoutContainer' windows.
28/04/2016 15:00:20 (Std) 	WindowFactory for 'GridLayoutContainer' windows added. (0x7003490)
28/04/2016 15:00:20 (Std) 	CEGUI::System singleton created. (0x1912db0)
28/04/2016 15:00:20 (Std) 	---- CEGUI System initialisation completed ----
28/04/2016 15:00:20 (Std) 	
28/04/2016 15:00:20 (Std) 	Started creation of Scheme from XML specification:
28/04/2016 15:00:20 (Std) 	---- CEGUI GUIScheme name: TaharezLook
28/04/2016 15:00:20 (Std) 	[ImageManager] Started creation of Imageset from XML specification:
28/04/2016 15:00:20 (Std) 	[ImageManager] ---- CEGUI Imageset name: TaharezLook
28/04/2016 15:00:20 (Std) 	[ImageManager] ---- Source texture file: TaharezLook.png
28/04/2016 15:00:20 (Std) 	[ImageManager] ---- Source texture resource group: (Default)
28/04/2016 15:00:20 (Std) 	[OpenGLRenderer] Created texture: TaharezLook
28/04/2016 15:00:20 (Std) 	[ImageManager] Created image: 'TaharezLook/ClientBrush' (0x79e40c0) of type: BasicImage
28/04/2016 15:00:20 (Std) 	[ImageManager] Created image: 'TaharezLook/GenericBrush' (0x79e43d0) of type: BasicImage
28/04/2016 15:00:20 (Std) 	[ImageManager] Created image: 'TaharezLook/WindowLeftEdge' (0x79e4c20) of type: BasicImage
28/04/2016 15:00:20 (Std) 	[ImageManager] Created image: 'TaharezLook/WindowRightEdge' (0x79e4eb0) of type: BasicImage
28/04/2016 15:00:20 (Std) 	[ImageManager] Created image: 'TaharezLook/WindowTopEdge' (0x79e3660) of type: BasicImage
28/04/2016 15:00:20 (Std) 	[ImageManager] Created image: 'TaharezLook/WindowBottomEdge' (0x7014270) of type: BasicImage
28/04/2016 15:00:20 (Std) 	[ImageManager] Created image: 'TaharezLook/WindowTopLeft' (0x79e50c0) of type: BasicImage
28/04/2016 15:00:20 (Std) 	[ImageManager] Created image: 'TaharezLook/WindowTopRight' (0x79e52d0) of type: BasicImage
28/04/2016 15:00:20 (Std) 	[ImageManager] Created image: 'TaharezLook/WindowBottomLeft' (0x79e54e0) of type: BasicImage
28/04/2016 15:00:20 (Std) 	[ImageManager] Created image: 'TaharezLook/WindowBottomRight' (0x79e56f0) of type: BasicImage
28/04/2016 15:00:20 (Std) 	[ImageManager] Created image: 'TaharezLook/ButtonLeftNormal' (0x79e5900) of type: BasicImage
28/04/2016 15:00:20 (Std) 	[ImageManager] Created image: 'TaharezLook/ButtonMiddleNormal' (0x79e5b10) of type: BasicImage
28/04/2016 15:00:20 (Std) 	[ImageManager] Created image: 'TaharezLook/ButtonRightNormal' (0x79e5d20) of type: BasicImage
28/04/2016 15:00:20 (Std) 	[ImageManager] Created image: 'TaharezLook/ButtonLeftPushed' (0x79e5f30) of type: BasicImage
28/04/2016 15:00:20 (Std) 	[ImageManager] Created image: 'TaharezLook/ButtonMiddlePushed' (0x79e6140) of type: BasicImage
28/04/2016 15:00:20 (Std) 	[ImageManager] Created image: 'TaharezLook/ButtonRightPushed' (0x79e6350) of type: BasicImage
28/04/2016 15:00:20 (Std) 	[ImageManager] Created image: 'TaharezLook/ButtonLeftHighlight' (0x79e6560) of type: BasicImage
28/04/2016 15:00:20 (Std) 	[ImageManager] Created image: 'TaharezLook/ButtonMiddleHighlight' (0x79e6770) of type: BasicImage
28/04/2016 15:00:20 (Std) 	[ImageManager] Created image: 'TaharezLook/ButtonRightHighlight' (0x79e6aa0) of type: BasicImage
28/04/2016 15:00:20 (Std) 	[ImageManager] Created image: 'TaharezLook/CheckboxNormal' (0x79e6dd0) of type: BasicImage
28/04/2016 15:00:20 (Std) 	[ImageManager] Created image: 'TaharezLook/CheckboxHover' (0x79e6fe0) of type: BasicImage
28/04/2016 15:00:20 (Std) 	[ImageManager] Created image: 'TaharezLook/CheckboxMark' (0x79e71f0) of type: BasicImage
28/04/2016 15:00:20 (Std) 	[ImageManager] Created image: 'TaharezLook/RadioButtonNormal' (0x79e7400) of type: BasicImage
28/04/2016 15:00:20 (Std) 	[ImageManager] Created image: 'TaharezLook/RadioButtonHover' (0x79e7610) of type: BasicImage
28/04/2016 15:00:20 (Std) 	[ImageManager] Created image: 'TaharezLook/RadioButtonMark' (0x79e7820) of type: BasicImage
28/04/2016 15:00:20 (Std) 	[ImageManager] Created image: 'TaharezLook/TitlebarLeft' (0x79e7a30) of type: BasicImage
28/04/2016 15:00:20 (Std) 	[ImageManager] Created image: 'TaharezLook/TitlebarMiddle' (0x79e7c40) of type: BasicImage
28/04/2016 15:00:20 (Std) 	[ImageManager] Created image: 'TaharezLook/TitlebarRight' (0x79e7e50) of type: BasicImage
28/04/2016 15:00:20 (Std) 	[ImageManager] Created image: 'TaharezLook/NewTitlebarLeft' (0x79e8060) of type: BasicImage
28/04/2016 15:00:20 (Std) 	[ImageManager] Created image: 'TaharezLook/NewTitlebarMiddle' (0x79e8270) of type: BasicImage
28/04/2016 15:00:20 (Std) 	[ImageManager] Created image: 'TaharezLook/NewTitlebarRight' (0x79e8480) of type: BasicImage
28/04/2016 15:00:20 (Std) 	[ImageManager] Created image: 'TaharezLook/SysAreaMiddle' (0x79e8690) of type: BasicImage
28/04/2016 15:00:20 (Std) 	[ImageManager] Created image: 'TaharezLook/SysAreaRight' (0x79e88a0) of type: BasicImage
28/04/2016 15:00:20 (Std) 	[ImageManager] Created image: 'TaharezLook/StaticLeft' (0x79e8ab0) of type: BasicImage
28/04/2016 15:00:20 (Std) 	[ImageManager] Created image: 'TaharezLook/StaticRight' (0x7013dc0) of type: BasicImage
28/04/2016 15:00:20 (Std) 	[ImageManager] Created image: 'TaharezLook/StaticTop' (0x79e34d0) of type: BasicImage
28/04/2016 15:00:20 (Std) 	[ImageManager] Created image: 'TaharezLook/StaticBottom' (0x79f6db0) of type: BasicImage
28/04/2016 15:00:20 (Std) 	[ImageManager] Created image: 'TaharezLook/StaticTopLeft' (0x79f6fc0) of type: BasicImage
28/04/2016 15:00:20 (Std) 	[ImageManager] Created image: 'TaharezLook/StaticTopRight' (0x79f71d0) of type: BasicImage
28/04/2016 15:00:20 (Std) 	[ImageManager] Created image: 'TaharezLook/StaticBottomLeft' (0x79f73e0) of type: BasicImage
28/04/2016 15:00:20 (Std) 	[ImageManager] Created image: 'TaharezLook/StaticBottomRight' (0x79f75f0) of type: BasicImage
28/04/2016 15:00:20 (Std) 	[ImageManager] Created image: 'TaharezLook/StaticBackdrop' (0x79f7800) of type: BasicImage
28/04/2016 15:00:20 (Std) 	[ImageManager] Created image: 'TaharezLook/ProgressBarLeft' (0x79f7a10) of type: BasicImage
28/04/2016 15:00:20 (Std) 	[ImageManager] Created image: 'TaharezLook/ProgressBarMiddle' (0x79f7c20) of type: BasicImage
28/04/2016 15:00:20 (Std) 	[ImageManager] Created image: 'TaharezLook/ProgressBarRight' (0x79f7e30) of type: BasicImage
28/04/2016 15:00:20 (Std) 	[ImageManager] Created image: 'TaharezLook/ProgressBarDimSegment' (0x79f8040) of type: BasicImage
28/04/2016 15:00:20 (Std) 	[ImageManager] Created image: 'TaharezLook/ProgressBarLitSegment' (0x79f8370) of type: BasicImage
28/04/2016 15:00:20 (Std) 	[ImageManager] Created image: 'TaharezLook/EditBoxLeft' (0x79f86a0) of type: BasicImage
28/04/2016 15:00:20 (Std) 	[ImageManager] Created image: 'TaharezLook/EditBoxMiddle' (0x79f88b0) of type: BasicImage
28/04/2016 15:00:20 (Std) 	[ImageManager] Created image: 'TaharezLook/EditBoxRight' (0x79f8ac0) of type: BasicImage
28/04/2016 15:00:20 (Std) 	[ImageManager] Created image: 'TaharezLook/EditBoxCaret' (0x79f8cd0) of type: BasicImage
28/04/2016 15:00:20 (Std) 	[ImageManager] Created image: 'TaharezLook/SpinnerUpNormal' (0x79f8ee0) of type: BasicImage
28/04/2016 15:00:20 (Std) 	[ImageManager] Created image: 'TaharezLook/SpinnerDownNormal' (0x79f90f0) of type: BasicImage
28/04/2016 15:00:20 (Std) 	[ImageManager] Created image: 'TaharezLook/SpinnerUpHover' (0x79f9300) of type: BasicImage
28/04/2016 15:00:20 (Std) 	[ImageManager] Created image: 'TaharezLook/SpinnerDownHover' (0x79f9510) of type: BasicImage
28/04/2016 15:00:20 (Std) 	[ImageManager] Created image: 'TaharezLook/TextSelectionBrush' (0x79f9720) of type: BasicImage
28/04/2016 15:00:20 (Std) 	[ImageManager] Created image: 'TaharezLook/VertScrollTop' (0x79f9930) of type: BasicImage
28/04/2016 15:00:20 (Std) 	[ImageManager] Created image: 'TaharezLook/VertScrollMiddle' (0x79f9b40) of type: BasicImage
28/04/2016 15:00:20 (Std) 	[ImageManager] Created image: 'TaharezLook/VertScrollBottom' (0x79f9d50) of type: BasicImage
28/04/2016 15:00:20 (Std) 	[ImageManager] Created image: 'TaharezLook/VertScrollBarSegment' (0x79f9f60) of type: BasicImage
28/04/2016 15:00:20 (Std) 	[ImageManager] Created image: 'TaharezLook/VertScrollThumbNormal' (0x79fa290) of type: BasicImage
28/04/2016 15:00:20 (Std) 	[ImageManager] Created image: 'TaharezLook/VertScrollThumbHover' (0x79fa5c0) of type: BasicImage
28/04/2016 15:00:20 (Std) 	[ImageManager] Created image: 'TaharezLook/VertScrollUpNormal' (0x79fa8f0) of type: BasicImage
28/04/2016 15:00:20 (Std) 	[ImageManager] Created image: 'TaharezLook/VertScrollDownNormal' (0x79fab00) of type: BasicImage
28/04/2016 15:00:20 (Std) 	[ImageManager] Created image: 'TaharezLook/VertScrollUpHover' (0x79fae30) of type: BasicImage
28/04/2016 15:00:20 (Std) 	[ImageManager] Created image: 'TaharezLook/VertScrollDownHover' (0x79fb040) of type: BasicImage
28/04/2016 15:00:20 (Std) 	[ImageManager] Created image: 'TaharezLook/MiniVertScrollBarSegment' (0x79fb250) of type: BasicImage
28/04/2016 15:00:20 (Std) 	[ImageManager] Created image: 'TaharezLook/MiniVertScrollThumbNormal' (0x79fb640) of type: BasicImage
28/04/2016 15:00:20 (Std) 	[ImageManager] Created image: 'TaharezLook/MiniVertScrollThumbTopNormal' (0x79fba30) of type: BasicImage
28/04/2016 15:00:20 (Std) 	[ImageManager] Created image: 'TaharezLook/MiniVertScrollThumbMiddleNormal' (0x79fc170) of type: BasicImage
28/04/2016 15:00:20 (Std) 	[ImageManager] Created image: 'TaharezLook/MiniVertScrollThumbBottomNormal' (0x79e4a90) of type: BasicImage
28/04/2016 15:00:20 (Std) 	[ImageManager] Created image: 'TaharezLook/MiniVertScrollThumbTopHover' (0x79e8fe0) of type: BasicImage
28/04/2016 15:00:20 (Std) 	[ImageManager] Created image: 'TaharezLook/MiniVertScrollThumbMiddleHover' (0x79fc9a0) of type: BasicImage
28/04/2016 15:00:20 (Std) 	[ImageManager] Created image: 'TaharezLook/MiniVertScrollThumbBottomHover' (0x79fcdf0) of type: BasicImage
28/04/2016 15:00:20 (Std) 	[ImageManager] Created image: 'TaharezLook/MiniVertScrollThumbHover' (0x79fcfd0) of type: BasicImage
28/04/2016 15:00:20 (Std) 	[ImageManager] Created image: 'TaharezLook/MiniVertScrollUpNormal' (0x79e4770) of type: BasicImage
28/04/2016 15:00:20 (Std) 	[ImageManager] Created image: 'TaharezLook/MiniVertScrollDownNormal' (0x7a3d5e0) of type: BasicImage
28/04/2016 15:00:20 (Std) 	[ImageManager] Created image: 'TaharezLook/MiniVertScrollUpHover' (0x7a3da30) of type: BasicImage
28/04/2016 15:00:20 (Std) 	[ImageManager] Created image: 'TaharezLook/MiniVertScrollDownHover' (0x7a3ddc0) of type: BasicImage
28/04/2016 15:00:20 (Std) 	[ImageManager] Created image: 'TaharezLook/VertSliderBody' (0x7a3e120) of type: BasicImage
28/04/2016 15:00:20 (Std) 	[ImageManager] Created image: 'TaharezLook/VertSliderThumbNormal' (0x7a3e390) of type: BasicImage
28/04/2016 15:00:20 (Std) 	[ImageManager] Created image: 'TaharezLook/VertSliderThumbHover' (0x7a3e7b0) of type: BasicImage
28/04/2016 15:00:20 (Std) 	[ImageManager] Created image: 'TaharezLook/MiniHorzScrollBarSegment' (0x7a3eae0) of type: BasicImage
28/04/2016 15:00:20 (Std) 	[ImageManager] Created image: 'TaharezLook/MiniHorzScrollThumbNormal' (0x7a3ee40) of type: BasicImage
28/04/2016 15:00:20 (Std) 	[ImageManager] Created image: 'TaharezLook/MiniHorzScrollThumbLeftNormal' (0x7a3f290) of type: BasicImage
28/04/2016 15:00:20 (Std) 	[ImageManager] Created image: 'TaharezLook/MiniHorzScrollThumbMiddleNormal' (0x7a3f710) of type: BasicImage
28/04/2016 15:00:20 (Std) 	[ImageManager] Created image: 'TaharezLook/MiniHorzScrollThumbRightNormal' (0x7a3f8f0) of type: BasicImage
28/04/2016 15:00:20 (Std) 	[ImageManager] Created image: 'TaharezLook/MiniHorzScrollThumbHover' (0x7a3fbc0) of type: BasicImage
28/04/2016 15:00:20 (Std) 	[ImageManager] Created image: 'TaharezLook/MiniHorzScrollThumbLeftHover' (0x7a40010) of type: BasicImage
28/04/2016 15:00:20 (Std) 	[ImageManager] Created image: 'TaharezLook/MiniHorzScrollThumbMiddleHover' (0x7a40490) of type: BasicImage
28/04/2016 15:00:20 (Std) 	[ImageManager] Created image: 'TaharezLook/MiniHorzScrollThumbRightHover' (0x7a40670) of type: BasicImage
28/04/2016 15:00:20 (Std) 	[ImageManager] Created image: 'TaharezLook/MiniHorzScrollLeftNormal' (0x7a40940) of type: BasicImage
28/04/2016 15:00:20 (Std) 	[ImageManager] Created image: 'TaharezLook/MiniHorzScrollRightNormal' (0x7a40d90) of type: BasicImage
28/04/2016 15:00:20 (Std) 	[ImageManager] Created image: 'TaharezLook/MiniHorzScrollLeftHover' (0x7a411e0) of type: BasicImage
28/04/2016 15:00:20 (Std) 	[ImageManager] Created image: 'TaharezLook/MiniHorzScrollRightHover' (0x7a41630) of type: BasicImage
28/04/2016 15:00:20 (Std) 	[ImageManager] Created image: 'TaharezLook/ListboxLeft' (0x7a41a80) of type: BasicImage
28/04/2016 15:00:20 (Std) 	[ImageManager] Created image: 'TaharezLook/ListboxRight' (0x7a41cf0) of type: BasicImage
28/04/2016 15:00:20 (Std) 	[ImageManager] Created image: 'TaharezLook/ListboxTop' (0x7a41f60) of type: BasicImage
28/04/2016 15:00:20 (Std) 	[ImageManager] Created image: 'TaharezLook/ListboxBottom' (0x7a421d0) of type: BasicImage
28/04/2016 15:00:20 (Std) 	[ImageManager] Created image: 'TaharezLook/ListboxTopLeft' (0x7a42440) of type: BasicImage
28/04/2016 15:00:20 (Std) 	[ImageManager] Created image: 'TaharezLook/ListboxTopRight' (0x7a426b0) of type: BasicImage
28/04/2016 15:00:20 (Std) 	[ImageManager] Created image: 'TaharezLook/ListboxBottomLeft' (0x7a42920) of type: BasicImage
28/04/2016 15:00:20 (Std) 	[ImageManager] Created image: 'TaharezLook/ListboxBottomRight' (0x7a42b90) of type: BasicImage
28/04/2016 15:00:20 (Std) 	[ImageManager] Created image: 'TaharezLook/ListboxBackdrop' (0x7a42e00) of type: BasicImage
28/04/2016 15:00:20 (Std) 	[ImageManager] Created image: 'TaharezLook/ListboxSelectionBrush' (0x7a43070) of type: BasicImage
28/04/2016 15:00:20 (Std) 	[ImageManager] Created image: 'TaharezLook/ComboboxEditLeft' (0x7a43490) of type: BasicImage
28/04/2016 15:00:20 (Std) 	[ImageManager] Created image: 'TaharezLook/ComboboxEditMiddle' (0x7a435b0) of type: BasicImage
28/04/2016 15:00:20 (Std) 	[ImageManager] Created image: 'TaharezLook/ComboboxListButtonNormal' (0x7a43820) of type: BasicImage
28/04/2016 15:00:20 (Std) 	[ImageManager] Created image: 'TaharezLook/ComboboxListButtonHover' (0x7a43c70) of type: BasicImage
28/04/2016 15:00:20 (Std) 	[ImageManager] Created image: 'TaharezLook/ComboboxListLeft' (0x7a440c0) of type: BasicImage
28/04/2016 15:00:20 (Std) 	[ImageManager] Created image: 'TaharezLook/ComboboxListRight' (0x7a44330) of type: BasicImage
28/04/2016 15:00:20 (Std) 	[ImageManager] Created image: 'TaharezLook/ComboboxListTop' (0x7a445a0) of type: BasicImage
28/04/2016 15:00:20 (Std) 	[ImageManager] Created image: 'TaharezLook/ComboboxListBottom' (0x7a44810) of type: BasicImage
28/04/2016 15:00:20 (Std) 	[ImageManager] Created image: 'TaharezLook/ComboboxListTopLeft' (0x7a44a80) of type: BasicImage
28/04/2016 15:00:20 (Std) 	[ImageManager] Created image: 'TaharezLook/ComboboxListTopRight' (0x7a44cf0) of type: BasicImage
28/04/2016 15:00:20 (Std) 	[ImageManager] Created image: 'TaharezLook/ComboboxListBottomLeft' (0x7a45110) of type: BasicImage
28/04/2016 15:00:20 (Std) 	[ImageManager] Created image: 'TaharezLook/ComboboxListBottomRight' (0x7a45470) of type: BasicImage
28/04/2016 15:00:20 (Std) 	[ImageManager] Created image: 'TaharezLook/ComboboxListBackdrop' (0x7a458c0) of type: BasicImage
28/04/2016 15:00:20 (Std) 	[ImageManager] Created image: 'TaharezLook/ComboboxSelectionBrush' (0x7a45ce0) of type: BasicImage
28/04/2016 15:00:20 (Std) 	[ImageManager] Created image: 'TaharezLook/ComboboxDividerLeft' (0x7a46040) of type: BasicImage
28/04/2016 15:00:20 (Std) 	[ImageManager] Created image: 'TaharezLook/ComboboxDividerMiddle' (0x7a462b0) of type: BasicImage
28/04/2016 15:00:20 (Std) 	[ImageManager] Created image: 'TaharezLook/ComboboxDividerRight' (0x7a466d0) of type: BasicImage
28/04/2016 15:00:20 (Std) 	[ImageManager] Created image: 'TaharezLook/HeaderBarBackdropNormal' (0x7a46a00) of type: BasicImage
28/04/2016 15:00:20 (Std) 	[ImageManager] Created image: 'TaharezLook/HeaderBarBackdropHover' (0x7a46d60) of type: BasicImage
28/04/2016 15:00:20 (Std) 	[ImageManager] Created image: 'TaharezLook/HeaderBarSplitterNormal' (0x7a471b0) of type: BasicImage
28/04/2016 15:00:20 (Std) 	[ImageManager] Created image: 'TaharezLook/HeaderBarSplitterHover' (0x7a47600) of type: BasicImage
28/04/2016 15:00:20 (Std) 	[ImageManager] Created image: 'TaharezLook/HeaderBarSortUp' (0x7a47a50) of type: BasicImage
28/04/2016 15:00:20 (Std) 	[ImageManager] Created image: 'TaharezLook/HeaderBarSortDown' (0x7a47cc0) of type: BasicImage
28/04/2016 15:00:20 (Std) 	[ImageManager] Created image: 'TaharezLook/MultiListLeft' (0x7a47f30) of type: BasicImage
28/04/2016 15:00:20 (Std) 	[ImageManager] Created image: 'TaharezLook/MultiListRight' (0x7a481a0) of type: BasicImage
28/04/2016 15:00:20 (Std) 	[ImageManager] Created image: 'TaharezLook/MultiListTop' (0x7a48410) of type: BasicImage
28/04/2016 15:00:20 (Std) 	[ImageManager] Created image: 'TaharezLook/MultiListBottom' (0x7a48680) of type: BasicImage
28/04/2016 15:00:20 (Std) 	[ImageManager] Created image: 'TaharezLook/MultiListTopLeft' (0x7a488f0) of type: BasicImage
28/04/2016 15:00:20 (Std) 	[ImageManager] Created image: 'TaharezLook/MultiListTopRight' (0x7a48b60) of type: BasicImage
28/04/2016 15:00:20 (Std) 	[ImageManager] Created image: 'TaharezLook/MultiListBottomLeft' (0x7a48dd0) of type: BasicImage
28/04/2016 15:00:20 (Std) 	[ImageManager] Created image: 'TaharezLook/MultiListBottomRight' (0x7a49040) of type: BasicImage
28/04/2016 15:00:20 (Std) 	[ImageManager] Created image: 'TaharezLook/MultiListBackdrop' (0x7a49460) of type: BasicImage
28/04/2016 15:00:20 (Std) 	[ImageManager] Created image: 'TaharezLook/MultiListSelectionBrush' (0x7a49580) of type: BasicImage
28/04/2016 15:00:20 (Std) 	[ImageManager] Created image: 'TaharezLook/AltProgressLeft' (0x7a499d0) of type: BasicImage
28/04/2016 15:00:20 (Std) 	[ImageManager] Created image: 'TaharezLook/AltProgressMiddle' (0x7a49c40) of type: BasicImage
28/04/2016 15:00:20 (Std) 	[ImageManager] Created image: 'TaharezLook/AltProgressRight' (0x7a49eb0) of type: BasicImage
28/04/2016 15:00:20 (Std) 	[ImageManager] Created image: 'TaharezLook/AltProgressQuarter' (0x7a4a120) of type: BasicImage
28/04/2016 15:00:20 (Std) 	[ImageManager] Created image: 'TaharezLook/AltProgressHalf' (0x7a4a390) of type: BasicImage
28/04/2016 15:00:20 (Std) 	[ImageManager] Created image: 'TaharezLook/AltProgressLight1' (0x7a4a600) of type: BasicImage
28/04/2016 15:00:20 (Std) 	[ImageManager] Created image: 'TaharezLook/AltProgressLight2' (0x7a4a870) of type: BasicImage
28/04/2016 15:00:20 (Std) 	[ImageManager] Created image: 'TaharezLook/AltProgressLight3' (0x7a4aae0) of type: BasicImage
28/04/2016 15:00:20 (Std) 	[ImageManager] Created image: 'TaharezLook/AltProgressLight4' (0x7a4ad50) of type: BasicImage
28/04/2016 15:00:20 (Std) 	[ImageManager] Created image: 'TaharezLook/AltProgressLight5' (0x7a4afc0) of type: BasicImage
28/04/2016 15:00:20 (Std) 	[ImageManager] Created image: 'TaharezLook/AltProgressLight6' (0x7a4b230) of type: BasicImage
28/04/2016 15:00:20 (Std) 	[ImageManager] Created image: 'TaharezLook/AltProgressLight7' (0x7a4b4a0) of type: BasicImage
28/04/2016 15:00:20 (Std) 	[ImageManager] Created image: 'TaharezLook/AltProgressLight8' (0x7a4b710) of type: BasicImage
28/04/2016 15:00:20 (Std) 	[ImageManager] Created image: 'TaharezLook/AltProgressLight9' (0x7a4b980) of type: BasicImage
28/04/2016 15:00:20 (Std) 	[ImageManager] Created image: 'TaharezLook/AltProgressLight10' (0x7a4bbf0) of type: BasicImage
28/04/2016 15:00:20 (Std) 	[ImageManager] Created image: 'TaharezLook/CloseButtonNormal' (0x7a4be60) of type: BasicImage
28/04/2016 15:00:20 (Std) 	[ImageManager] Created image: 'TaharezLook/CloseButtonHover' (0x7a4c0d0) of type: BasicImage
28/04/2016 15:00:20 (Std) 	[ImageManager] Created image: 'TaharezLook/CloseButtonPressed' (0x7a4c340) of type: BasicImage
28/04/2016 15:00:20 (Std) 	[ImageManager] Created image: 'TaharezLook/NewCloseButtonNormal' (0x7a4c5b0) of type: BasicImage
28/04/2016 15:00:20 (Std) 	[ImageManager] Created image: 'TaharezLook/NewCloseButtonHover' (0x7a4c9d0) of type: BasicImage
28/04/2016 15:00:20 (Std) 	[ImageManager] Created image: 'TaharezLook/NewCloseButtonPressed' (0x7a4caf0) of type: BasicImage
28/04/2016 15:00:20 (Std) 	[ImageManager] Created image: 'TaharezLook/MultiLineEditboxLeft' (0x7a4cf10) of type: BasicImage
28/04/2016 15:00:20 (Std) 	[ImageManager] Created image: 'TaharezLook/MultiLineEditboxRight' (0x7a4d240) of type: BasicImage
28/04/2016 15:00:20 (Std) 	[ImageManager] Created image: 'TaharezLook/MultiLineEditboxTop' (0x7a4d570) of type: BasicImage
28/04/2016 15:00:20 (Std) 	[ImageManager] Created image: 'TaharezLook/MultiLineEditboxBottom' (0x7a4d690) of type: BasicImage
28/04/2016 15:00:20 (Std) 	[ImageManager] Created image: 'TaharezLook/MultiLineEditboxTopLeft' (0x7a4dae0) of type: BasicImage
28/04/2016 15:00:20 (Std) 	[ImageManager] Created image: 'TaharezLook/MultiLineEditboxTopRight' (0x7a4df30) of type: BasicImage
28/04/2016 15:00:20 (Std) 	[ImageManager] Created image: 'TaharezLook/MultiLineEditboxBottomLeft' (0x7a4e380) of type: BasicImage
28/04/2016 15:00:20 (Std) 	[ImageManager] Created image: 'TaharezLook/MultiLineEditboxBottomRight' (0x7a4e800) of type: BasicImage
28/04/2016 15:00:20 (Std) 	[ImageManager] Created image: 'TaharezLook/MultiLineEditboxBackdrop' (0x7a4ec80) of type: BasicImage
28/04/2016 15:00:20 (Std) 	[ImageManager] Created image: 'TaharezLook/MultiLineEditboxSelectionBrush' (0x7a4f3f0) of type: BasicImage
28/04/2016 15:00:20 (Std) 	[ImageManager] Created image: 'TaharezLook/MouseTarget' (0x7a4f5d0) of type: BasicImage
28/04/2016 15:00:20 (Std) 	[ImageManager] Created image: 'TaharezLook/MouseArrow' (0x7a4f0d0) of type: BasicImage
28/04/2016 15:00:20 (Std) 	[ImageManager] Created image: 'TaharezLook/MouseMoveCursor' (0x7a50030) of type: BasicImage
28/04/2016 15:00:20 (Std) 	[ImageManager] Created image: 'TaharezLook/MouseNoSoCursor' (0x7a502a0) of type: BasicImage
28/04/2016 15:00:20 (Std) 	[ImageManager] Created image: 'TaharezLook/MouseEsWeCursor' (0x7a50510) of type: BasicImage
28/04/2016 15:00:20 (Std) 	[ImageManager] Created image: 'TaharezLook/MouseNeSwCursor' (0x7a50780) of type: BasicImage
28/04/2016 15:00:20 (Std) 	[ImageManager] Created image: 'TaharezLook/MouseNwSeCursor' (0x7a509f0) of type: BasicImage
28/04/2016 15:00:20 (Std) 	[ImageManager] Created image: 'TaharezLook/MouseTextBar' (0x7a50c60) of type: BasicImage
28/04/2016 15:00:20 (Std) 	[ImageManager] Created image: 'TaharezLook/TabHorizontalFiller' (0x79fd2a0) of type: BasicImage
28/04/2016 15:00:20 (Std) 	[ImageManager] Created image: 'TaharezLook/TabContentPaneUpperLeft' (0x7a4f8a0) of type: BasicImage
28/04/2016 15:00:20 (Std) 	[ImageManager] Created image: 'TaharezLook/TabContentPaneUpper' (0x79e8e50) of type: BasicImage
28/04/2016 15:00:20 (Std) 	[ImageManager] Created image: 'TaharezLook/TabContentPaneUpperRight' (0x7a50ed0) of type: BasicImage
28/04/2016 15:00:20 (Std) 	[ImageManager] Created image: 'TaharezLook/TabContentPaneLeft' (0x7a512f0) of type: BasicImage
28/04/2016 15:00:20 (Std) 	[ImageManager] Created image: 'TaharezLook/TabContentPaneRight' (0x7a51530) of type: BasicImage
28/04/2016 15:00:20 (Std) 	[ImageManager] Created image: 'TaharezLook/TabContentPaneLower' (0x7a51740) of type: BasicImage
28/04/2016 15:00:20 (Std) 	[ImageManager] Created image: 'TaharezLook/TabContentPaneLowerLeft' (0x7a51950) of type: BasicImage
28/04/2016 15:00:20 (Std) 	[ImageManager] Created image: 'TaharezLook/TabContentPaneLowerRight' (0x7a51d40) of type: BasicImage
28/04/2016 15:00:20 (Std) 	[ImageManager] Created image: 'TaharezLook/TabContentPaneMiddle' (0x7a52090) of type: BasicImage
28/04/2016 15:00:20 (Std) 	[ImageManager] Created image: 'TaharezLook/TabButtonScrollLeftNormal' (0x7a52450) of type: BasicImage
28/04/2016 15:00:20 (Std) 	[ImageManager] Created image: 'TaharezLook/TabButtonScrollRightNormal' (0x7a527a0) of type: BasicImage
28/04/2016 15:00:20 (Std) 	[ImageManager] Created image: 'TaharezLook/TabButtonScrollLeftHover' (0x7a52b10) of type: BasicImage
28/04/2016 15:00:20 (Std) 	[ImageManager] Created image: 'TaharezLook/TabButtonScrollRightHover' (0x7a52e60) of type: BasicImage
28/04/2016 15:00:20 (Std) 	[ImageManager] Created image: 'TaharezLook/TabButtonLeftNormal' (0x7a531b0) of type: BasicImage
28/04/2016 15:00:20 (Std) 	[ImageManager] Created image: 'TaharezLook/TabButtonRightNormal' (0x7a533c0) of type: BasicImage
28/04/2016 15:00:20 (Std) 	[ImageManager] Created image: 'TaharezLook/TabButtonUpperNormal' (0x7a536f0) of type: BasicImage
28/04/2016 15:00:20 (Std) 	[ImageManager] Created image: 'TaharezLook/TabButtonLowerNormal' (0x7a53a20) of type: BasicImage
28/04/2016 15:00:20 (Std) 	[ImageManager] Created image: 'TaharezLook/TabButtonUpperLeftNormal' (0x7a53d50) of type: BasicImage
28/04/2016 15:00:20 (Std) 	[ImageManager] Created image: 'TaharezLook/TabButtonUpperLeft2Normal' (0x7a540a0) of type: BasicImage
28/04/2016 15:00:20 (Std) 	[ImageManager] Created image: 'TaharezLook/TabButtonUpperRightNormal' (0x7a543f0) of type: BasicImage
28/04/2016 15:00:20 (Std) 	[ImageManager] Created image: 'TaharezLook/TabButtonLowerLeftNormal' (0x7a54740) of type: BasicImage
28/04/2016 15:00:20 (Std) 	[ImageManager] Created image: 'TaharezLook/TabButtonLowerRightNormal' (0x7a54a90) of type: BasicImage
28/04/2016 15:00:20 (Std) 	[ImageManager] Created image: 'TaharezLook/TabButtonLowerRight2Normal' (0x7a54de0) of type: BasicImage
28/04/2016 15:00:20 (Std) 	[ImageManager] Created image: 'TaharezLook/TabButtonMiddleNormal' (0x7a55150) of type: BasicImage
28/04/2016 15:00:20 (Std) 	[ImageManager] Created image: 'TaharezLook/TabButtonLeftSelected' (0x7a55480) of type: BasicImage
28/04/2016 15:00:20 (Std) 	[ImageManager] Created image: 'TaharezLook/TabButtonRightSelected' (0x7a557b0) of type: BasicImage
28/04/2016 15:00:20 (Std) 	[ImageManager] Created image: 'TaharezLook/TabButtonUpperSelected' (0x7a55b00) of type: BasicImage
28/04/2016 15:00:20 (Std) 	[ImageManager] Created image: 'TaharezLook/TabButtonLowerSelected' (0x7a55e50) of type: BasicImage
28/04/2016 15:00:20 (Std) 	[ImageManager] Created image: 'TaharezLook/TabButtonUpperLeftSelected' (0x7a561a0) of type: BasicImage
28/04/2016 15:00:20 (Std) 	[ImageManager] Created image: 'TaharezLook/TabButtonUpperRightSelected' (0x7a56510) of type: BasicImage
28/04/2016 15:00:20 (Std) 	[ImageManager] Created image: 'TaharezLook/TabButtonLowerLeftSelected' (0x7a56880) of type: BasicImage
28/04/2016 15:00:20 (Std) 	[ImageManager] Created image: 'TaharezLook/TabButtonLowerRightSelected' (0x7a56bf0) of type: BasicImage
28/04/2016 15:00:20 (Std) 	[ImageManager] Created image: 'TaharezLook/TabButtonMiddleSelected' (0x7a56f60) of type: BasicImage
28/04/2016 15:00:20 (Std) 	[ImageManager] Created image: 'TaharezLook/TooltipTopLeft' (0x7a572b0) of type: BasicImage
28/04/2016 15:00:20 (Std) 	[ImageManager] Created image: 'TaharezLook/TooltipTopRight' (0x7a574c0) of type: BasicImage
28/04/2016 15:00:20 (Std) 	[ImageManager] Created image: 'TaharezLook/TooltipBottomLeft' (0x7a576d0) of type: BasicImage
28/04/2016 15:00:20 (Std) 	[ImageManager] Created image: 'TaharezLook/TooltipBottomRight' (0x7a578e0) of type: BasicImage
28/04/2016 15:00:20 (Std) 	[ImageManager] Created image: 'TaharezLook/TooltipLeftEdge' (0x7a57af0) of type: BasicImage
28/04/2016 15:00:20 (Std) 	[ImageManager] Created image: 'TaharezLook/TooltipRightEdge' (0x7a57d00) of type: BasicImage
28/04/2016 15:00:20 (Std) 	[ImageManager] Created image: 'TaharezLook/TooltipTopEdge' (0x7a57f10) of type: BasicImage
28/04/2016 15:00:20 (Std) 	[ImageManager] Created image: 'TaharezLook/TooltipBottomEdge' (0x7a58120) of type: BasicImage
28/04/2016 15:00:20 (Std) 	[ImageManager] Created image: 'TaharezLook/TooltipMiddle' (0x7a58330) of type: BasicImage
28/04/2016 15:00:20 (Std) 	[ImageManager] Created image: 'TaharezLook/MenuTopLeft' (0x7a58540) of type: BasicImage
28/04/2016 15:00:20 (Std) 	[ImageManager] Created image: 'TaharezLook/MenuTopRight' (0x7a58750) of type: BasicImage
28/04/2016 15:00:20 (Std) 	[ImageManager] Created image: 'TaharezLook/MenuBottomLeft' (0x7a58960) of type: BasicImage
28/04/2016 15:00:20 (Std) 	[ImageManager] Created image: 'TaharezLook/MenuBottomRight' (0x7a58b70) of type: BasicImage
28/04/2016 15:00:20 (Std) 	[ImageManager] Created image: 'TaharezLook/MenuLeft' (0x7a58d80) of type: BasicImage
28/04/2016 15:00:20 (Std) 	[ImageManager] Created image: 'TaharezLook/MenuRight' (0x7a58f90) of type: BasicImage
28/04/2016 15:00:20 (Std) 	[ImageManager] Created image: 'TaharezLook/MenuTop' (0x7a591a0) of type: BasicImage
28/04/2016 15:00:20 (Std) 	[ImageManager] Created image: 'TaharezLook/MenuBottom' (0x7a593b0) of type: BasicImage
28/04/2016 15:00:20 (Std) 	[ImageManager] Created image: 'TaharezLook/MenuMiddle' (0x7a595c0) of type: BasicImage
28/04/2016 15:00:20 (Std) 	[ImageManager] Created image: 'TaharezLook/PopupMenuFrameTopLeft' (0x7a597d0) of type: BasicImage
28/04/2016 15:00:20 (Std) 	[ImageManager] Created image: 'TaharezLook/PopupMenuFrameTopRight' (0x7a59b00) of type: BasicImage
28/04/2016 15:00:20 (Std) 	[ImageManager] Created image: 'TaharezLook/PopupMenuFrameBottomLeft' (0x7a59e50) of type: BasicImage
28/04/2016 15:00:20 (Std) 	[ImageManager] Created image: 'TaharezLook/PopupMenuFrameBottomRight' (0x7a5a1a0) of type: BasicImage
28/04/2016 15:00:20 (Std) 	[ImageManager] Created image: 'TaharezLook/PopupMenuFrameLeft' (0x7a5a4f0) of type: BasicImage
28/04/2016 15:00:20 (Std) 	[ImageManager] Created image: 'TaharezLook/PopupMenuFrameRight' (0x7a5a700) of type: BasicImage
28/04/2016 15:00:20 (Std) 	[ImageManager] Created image: 'TaharezLook/PopupMenuFrameTop' (0x7a5a910) of type: BasicImage
28/04/2016 15:00:20 (Std) 	[ImageManager] Created image: 'TaharezLook/PopupMenuFrameBottom' (0x7a5ab20) of type: BasicImage
28/04/2016 15:00:20 (Std) 	[ImageManager] Created image: 'TaharezLook/PopupMenuMiddle' (0x7a5ae50) of type: BasicImage
28/04/2016 15:00:20 (Std) 	[ImageManager] Created image: 'TaharezLook/PopupMenuArrowRight' (0x7a5b060) of type: BasicImage
28/04/2016 15:00:20 (Std) 	[ImageManager] Created image: 'TaharezLook/PopupMenuArrowLeft' (0x7a5b270) of type: BasicImage
28/04/2016 15:00:20 (Std) 	[ImageManager] Created image: 'TaharezLook/TreeListClosed' (0x7a5b480) of type: BasicImage
28/04/2016 15:00:20 (Std) 	[ImageManager] Created image: 'TaharezLook/TreeListOpened' (0x7a5b690) of type: BasicImage
28/04/2016 15:00:20 (Std) 	[ImageManager] Created image: 'TaharezLook/UpArrow' (0x7a5b8a0) of type: BasicImage
28/04/2016 15:00:20 (Std) 	===== Falagard 'root' element: look and feel parsing begins =====
28/04/2016 15:00:20 (Std) 	===== Look and feel parsing completed =====
28/04/2016 15:00:20 (Std) 	No window renderer factories specified for module 'CEGUICoreWindowRendererSet' - adding all available factories...
28/04/2016 15:00:20 (Std) 	Created WindowRendererFactory for 'Core/Button' WindowRenderers.
28/04/2016 15:00:20 (Std) 	WindowRendererFactory 'Core/Button' added. (0x700a360)
28/04/2016 15:00:20 (Std) 	Created WindowRendererFactory for 'Core/Default' WindowRenderers.
28/04/2016 15:00:20 (Std) 	WindowRendererFactory 'Core/Default' added. (0x44b70d0)
28/04/2016 15:00:20 (Std) 	Created WindowRendererFactory for 'Core/Editbox' WindowRenderers.
28/04/2016 15:00:20 (Std) 	WindowRendererFactory 'Core/Editbox' added. (0x44b7270)
28/04/2016 15:00:20 (Std) 	Created WindowRendererFactory for 'Core/FrameWindow' WindowRenderers.
28/04/2016 15:00:20 (Std) 	WindowRendererFactory 'Core/FrameWindow' added. (0x44b55c0)
28/04/2016 15:00:20 (Std) 	Created WindowRendererFactory for 'Core/ItemEntry' WindowRenderers.
28/04/2016 15:00:20 (Std) 	WindowRendererFactory 'Core/ItemEntry' added. (0x79fbe50)
28/04/2016 15:00:20 (Std) 	Created WindowRendererFactory for 'Core/ListHeader' WindowRenderers.
28/04/2016 15:00:20 (Std) 	WindowRendererFactory 'Core/ListHeader' added. (0x79fbff0)
28/04/2016 15:00:20 (Std) 	Created WindowRendererFactory for 'Core/ListHeaderSegment' WindowRenderers.
28/04/2016 15:00:20 (Std) 	WindowRendererFactory 'Core/ListHeaderSegment' added. (0x44d1a30)
28/04/2016 15:00:20 (Std) 	Created WindowRendererFactory for 'Core/Listbox' WindowRenderers.
28/04/2016 15:00:20 (Std) 	WindowRendererFactory 'Core/Listbox' added. (0x44d1bd0)
28/04/2016 15:00:20 (Std) 	Created WindowRendererFactory for 'Core/Menubar' WindowRenderers.
28/04/2016 15:00:20 (Std) 	WindowRendererFactory 'Core/Menubar' added. (0x44d1c90)
28/04/2016 15:00:20 (Std) 	Created WindowRendererFactory for 'Core/MenuItem' WindowRenderers.
28/04/2016 15:00:20 (Std) 	WindowRendererFactory 'Core/MenuItem' added. (0x446c160)
28/04/2016 15:00:20 (Std) 	Created WindowRendererFactory for 'Core/MultiColumnList' WindowRenderers.
28/04/2016 15:00:20 (Std) 	WindowRendererFactory 'Core/MultiColumnList' added. (0x44362b0)
28/04/2016 15:00:20 (Std) 	Created WindowRendererFactory for 'Core/MultiLineEditbox' WindowRenderers.
28/04/2016 15:00:20 (Std) 	WindowRendererFactory 'Core/MultiLineEditbox' added. (0x4436450)
28/04/2016 15:00:20 (Std) 	Created WindowRendererFactory for 'Core/PopupMenu' WindowRenderers.
28/04/2016 15:00:20 (Std) 	WindowRendererFactory 'Core/PopupMenu' added. (0x44365f0)
28/04/2016 15:00:20 (Std) 	Created WindowRendererFactory for 'Core/ProgressBar' WindowRenderers.
28/04/2016 15:00:20 (Std) 	WindowRendererFactory 'Core/ProgressBar' added. (0x44d1040)
28/04/2016 15:00:20 (Std) 	Created WindowRendererFactory for 'Core/ScrollablePane' WindowRenderers.
28/04/2016 15:00:20 (Std) 	WindowRendererFactory 'Core/ScrollablePane' added. (0x44d11e0)
28/04/2016 15:00:20 (Std) 	Created WindowRendererFactory for 'Core/Scrollbar' WindowRenderers.
28/04/2016 15:00:20 (Std) 	WindowRendererFactory 'Core/Scrollbar' added. (0x44d1380)
28/04/2016 15:00:20 (Std) 	Created WindowRendererFactory for 'Core/Slider' WindowRenderers.
28/04/2016 15:00:20 (Std) 	WindowRendererFactory 'Core/Slider' added. (0x44d1520)
28/04/2016 15:00:20 (Std) 	Created WindowRendererFactory for 'Core/Static' WindowRenderers.
28/04/2016 15:00:20 (Std) 	WindowRendererFactory 'Core/Static' added. (0x44d9ee0)
28/04/2016 15:00:20 (Std) 	Created WindowRendererFactory for 'Core/StaticImage' WindowRenderers.
28/04/2016 15:00:20 (Std) 	WindowRendererFactory 'Core/StaticImage' added. (0x44da080)
28/04/2016 15:00:20 (Std) 	Created WindowRendererFactory for 'Core/StaticText' WindowRenderers.
28/04/2016 15:00:20 (Std) 	WindowRendererFactory 'Core/StaticText' added. (0x44da220)
28/04/2016 15:00:20 (Std) 	Created WindowRendererFactory for 'Core/TabButton' WindowRenderers.
28/04/2016 15:00:20 (Std) 	WindowRendererFactory 'Core/TabButton' added. (0x44da3c0)
28/04/2016 15:00:20 (Std) 	Created WindowRendererFactory for 'Core/TabControl' WindowRenderers.
28/04/2016 15:00:20 (Std) 	WindowRendererFactory 'Core/TabControl' added. (0x44da560)
28/04/2016 15:00:20 (Std) 	Created WindowRendererFactory for 'Core/Titlebar' WindowRenderers.
28/04/2016 15:00:20 (Std) 	WindowRendererFactory 'Core/Titlebar' added. (0x44d7ef0)
28/04/2016 15:00:20 (Std) 	Created WindowRendererFactory for 'Core/ToggleButton' WindowRenderers.
28/04/2016 15:00:20 (Std) 	WindowRendererFactory 'Core/ToggleButton' added. (0x44d8090)
28/04/2016 15:00:20 (Std) 	Created WindowRendererFactory for 'Core/Tooltip' WindowRenderers.
28/04/2016 15:00:20 (Std) 	WindowRendererFactory 'Core/Tooltip' added. (0x44d8230)
28/04/2016 15:00:20 (Std) 	Created WindowRendererFactory for 'Core/ItemListbox' WindowRenderers.
28/04/2016 15:00:20 (Std) 	WindowRendererFactory 'Core/ItemListbox' added. (0x44d83d0)
28/04/2016 15:00:20 (Std) 	Created WindowRendererFactory for 'Core/Tree' WindowRenderers.
28/04/2016 15:00:20 (Std) 	WindowRendererFactory 'Core/Tree' added. (0x44d8570)
28/04/2016 15:00:20 (Std) 	Creating falagard mapping for type 'TaharezLook/Label' using base type 'DefaultWindow', window renderer 'Core/Default' Look'N'Feel 'TaharezLook/Label' and RenderEffect ''. (0x7ffda96b97c0)
28/04/2016 15:00:20 (Std) 	Creating falagard mapping for type 'TaharezLook/Button' using base type 'CEGUI/PushButton', window renderer 'Core/Button' Look'N'Feel 'TaharezLook/Button' and RenderEffect ''. (0x7ffda96b97c0)
28/04/2016 15:00:20 (Std) 	Creating falagard mapping for type 'TaharezLook/Checkbox' using base type 'CEGUI/ToggleButton', window renderer 'Core/ToggleButton' Look'N'Feel 'TaharezLook/Checkbox' and RenderEffect ''. (0x7ffda96b97c0)
28/04/2016 15:00:20 (Std) 	Creating falagard mapping for type 'TaharezLook/ImageButton' using base type 'CEGUI/PushButton', window renderer 'Core/Button' Look'N'Feel 'TaharezLook/ImageButton' and RenderEffect ''. (0x7ffda96b97c0)
28/04/2016 15:00:20 (Std) 	Creating falagard mapping for type 'TaharezLook/RadioButton' using base type 'CEGUI/RadioButton', window renderer 'Core/ToggleButton' Look'N'Feel 'TaharezLook/RadioButton' and RenderEffect ''. (0x7ffda96b97c0)
28/04/2016 15:00:20 (Std) 	Creating falagard mapping for type 'TaharezLook/FrameWindow' using base type 'CEGUI/FrameWindow', window renderer 'Core/FrameWindow' Look'N'Feel 'TaharezLook/FrameWindow' and RenderEffect ''. (0x7ffda96b97c0)
28/04/2016 15:00:20 (Std) 	Creating falagard mapping for type 'TaharezLook/Titlebar' using base type 'CEGUI/Titlebar', window renderer 'Core/Titlebar' Look'N'Feel 'TaharezLook/Titlebar' and RenderEffect ''. (0x7ffda96b97c0)
28/04/2016 15:00:20 (Std) 	Creating falagard mapping for type 'TaharezLook/Editbox' using base type 'CEGUI/Editbox', window renderer 'Core/Editbox' Look'N'Feel 'TaharezLook/Editbox' and RenderEffect ''. (0x7ffda96b97c0)
28/04/2016 15:00:20 (Std) 	Creating falagard mapping for type 'TaharezLook/MultiLineEditbox' using base type 'CEGUI/MultiLineEditbox', window renderer 'Core/MultiLineEditbox' Look'N'Feel 'TaharezLook/MultiLineEditbox' and RenderEffect ''. (0x7ffda96b97c0)
28/04/2016 15:00:20 (Std) 	Creating falagard mapping for type 'TaharezLook/Menubar' using base type 'CEGUI/Menubar', window renderer 'Core/Menubar' Look'N'Feel 'TaharezLook/Menubar' and RenderEffect ''. (0x7ffda96b97c0)
28/04/2016 15:00:20 (Std) 	Creating falagard mapping for type 'TaharezLook/PopupMenu' using base type 'CEGUI/PopupMenu', window renderer 'Core/PopupMenu' Look'N'Feel 'TaharezLook/PopupMenu' and RenderEffect ''. (0x7ffda96b97c0)
28/04/2016 15:00:20 (Std) 	Creating falagard mapping for type 'TaharezLook/MenuItem' using base type 'CEGUI/MenuItem', window renderer 'Core/MenuItem' Look'N'Feel 'TaharezLook/MenuItem' and RenderEffect ''. (0x7ffda96b97c0)
28/04/2016 15:00:20 (Std) 	Creating falagard mapping for type 'TaharezLook/AlternateProgressBar' using base type 'CEGUI/ProgressBar', window renderer 'Core/ProgressBar' Look'N'Feel 'TaharezLook/AltProgressBar' and RenderEffect ''. (0x7ffda96b97c0)
28/04/2016 15:00:20 (Std) 	Creating falagard mapping for type 'TaharezLook/ProgressBar' using base type 'CEGUI/ProgressBar', window renderer 'Core/ProgressBar' Look'N'Feel 'TaharezLook/ProgressBar' and RenderEffect ''. (0x7ffda96b97c0)
28/04/2016 15:00:20 (Std) 	Creating falagard mapping for type 'TaharezLook/VUMeter' using base type 'CEGUI/ProgressBar', window renderer 'Core/ProgressBar' Look'N'Feel 'TaharezLook/VUMeter' and RenderEffect ''. (0x7ffda96b97c0)
28/04/2016 15:00:20 (Std) 	Creating falagard mapping for type 'TaharezLook/VerticalScrollbar' using base type 'CEGUI/Scrollbar', window renderer 'Core/Scrollbar' Look'N'Feel 'TaharezLook/VerticalScrollbar' and RenderEffect ''. (0x7ffda96b97c0)
28/04/2016 15:00:20 (Std) 	Creating falagard mapping for type 'TaharezLook/HorizontalScrollbar' using base type 'CEGUI/Scrollbar', window renderer 'Core/Scrollbar' Look'N'Feel 'TaharezLook/HorizontalScrollbar' and RenderEffect ''. (0x7ffda96b97c0)
28/04/2016 15:00:20 (Std) 	Creating falagard mapping for type 'TaharezLook/VerticalScrollbarThumb' using base type 'CEGUI/Thumb', window renderer 'Core/Button' Look'N'Feel 'TaharezLook/VerticalScrollbarThumb' and RenderEffect ''. (0x7ffda96b97c0)
28/04/2016 15:00:20 (Std) 	Creating falagard mapping for type 'TaharezLook/HorizontalScrollbarThumb' using base type 'CEGUI/Thumb', window renderer 'Core/Button' Look'N'Feel 'TaharezLook/HorizontalScrollbarThumb' and RenderEffect ''. (0x7ffda96b97c0)
28/04/2016 15:00:20 (Std) 	Creating falagard mapping for type 'TaharezLook/LargeVerticalScrollbar' using base type 'CEGUI/Scrollbar', window renderer 'Core/Scrollbar' Look'N'Feel 'TaharezLook/LargeVerticalScrollbar' and RenderEffect ''. (0x7ffda96b97c0)
28/04/2016 15:00:20 (Std) 	Creating falagard mapping for type 'TaharezLook/LargeVerticalScrollbarThumb' using base type 'CEGUI/Thumb', window renderer 'Core/Button' Look'N'Feel 'TaharezLook/LargeVerticalScrollbarThumb' and RenderEffect ''. (0x7ffda96b97c0)
28/04/2016 15:00:20 (Std) 	Creating falagard mapping for type 'TaharezLook/TabButton' using base type 'CEGUI/TabButton', window renderer 'Core/TabButton' Look'N'Feel 'TaharezLook/TabButton' and RenderEffect ''. (0x7ffda96b97c0)
28/04/2016 15:00:20 (Std) 	Creating falagard mapping for type 'TaharezLook/TabControl' using base type 'CEGUI/TabControl', window renderer 'Core/TabControl' Look'N'Feel 'TaharezLook/TabControl' and RenderEffect ''. (0x7ffda96b97c0)
28/04/2016 15:00:20 (Std) 	Creating falagard mapping for type 'TaharezLook/TabContentPane' using base type 'DefaultWindow', window renderer 'Core/Default' Look'N'Feel 'TaharezLook/TabContentPane' and RenderEffect ''. (0x7ffda96b97c0)
28/04/2016 15:00:20 (Std) 	Creating falagard mapping for type 'TaharezLook/TabButtonPane' using base type 'DefaultWindow', window renderer 'Core/Default' Look'N'Feel 'TaharezLook/TabButtonPane' and RenderEffect ''. (0x7ffda96b97c0)
28/04/2016 15:00:20 (Std) 	Creating falagard mapping for type 'TaharezLook/ComboDropList' using base type 'CEGUI/ComboDropList', window renderer 'Core/Listbox' Look'N'Feel 'TaharezLook/ComboDropList' and RenderEffect ''. (0x7ffda96b97c0)
28/04/2016 15:00:20 (Std) 	Creating falagard mapping for type 'TaharezLook/ComboEditbox' using base type 'CEGUI/Editbox', window renderer 'Core/Editbox' Look'N'Feel 'TaharezLook/ComboEditbox' and RenderEffect ''. (0x7ffda96b97c0)
28/04/2016 15:00:20 (Std) 	Creating falagard mapping for type 'TaharezLook/Combobox' using base type 'CEGUI/Combobox', window renderer 'Core/Default' Look'N'Feel 'TaharezLook/Combobox' and RenderEffect ''. (0x7ffda96b97c0)
28/04/2016 15:00:20 (Std) 	Creating falagard mapping for type 'TaharezLook/Listbox' using base type 'CEGUI/Listbox', window renderer 'Core/Listbox' Look'N'Feel 'TaharezLook/Listbox' and RenderEffect ''. (0x7ffda96b97c0)
28/04/2016 15:00:20 (Std) 	Creating falagard mapping for type 'TaharezLook/ListHeader' using base type 'CEGUI/ListHeader', window renderer 'Core/ListHeader' Look'N'Feel 'TaharezLook/ListHeader' and RenderEffect ''. (0x7ffda96b97c0)
28/04/2016 15:00:20 (Std) 	Creating falagard mapping for type 'TaharezLook/ListHeaderSegment' using base type 'CEGUI/ListHeaderSegment', window renderer 'Core/ListHeaderSegment' Look'N'Feel 'TaharezLook/ListHeaderSegment' and RenderEffect ''. (0x7ffda96b97c0)
28/04/2016 15:00:20 (Std) 	Creating falagard mapping for type 'TaharezLook/MultiColumnList' using base type 'CEGUI/MultiColumnList', window renderer 'Core/MultiColumnList' Look'N'Feel 'TaharezLook/MultiColumnList' and RenderEffect ''. (0x7ffda96b97c0)
28/04/2016 15:00:20 (Std) 	Creating falagard mapping for type 'TaharezLook/Slider' using base type 'CEGUI/Slider', window renderer 'Core/Slider' Look'N'Feel 'TaharezLook/Slider' and RenderEffect ''. (0x7ffda96b97c0)
28/04/2016 15:00:20 (Std) 	Creating falagard mapping for type 'TaharezLook/SliderThumb' using base type 'CEGUI/Thumb', window renderer 'Core/Button' Look'N'Feel 'TaharezLook/SliderThumb' and RenderEffect ''. (0x7ffda96b97c0)
28/04/2016 15:00:20 (Std) 	Creating falagard mapping for type 'TaharezLook/ScrollablePane' using base type 'CEGUI/ScrollablePane', window renderer 'Core/ScrollablePane' Look'N'Feel 'TaharezLook/ScrollablePane' and RenderEffect ''. (0x7ffda96b97c0)
28/04/2016 15:00:20 (Std) 	Creating falagard mapping for type 'TaharezLook/Spinner' using base type 'CEGUI/Spinner', window renderer 'Core/Default' Look'N'Feel 'TaharezLook/Spinner' and RenderEffect ''. (0x7ffda96b97c0)
28/04/2016 15:00:20 (Std) 	Creating falagard mapping for type 'TaharezLook/Tooltip' using base type 'CEGUI/Tooltip', window renderer 'Core/Tooltip' Look'N'Feel 'TaharezLook/Tooltip' and RenderEffect ''. (0x7ffda96b97c0)
28/04/2016 15:00:20 (Std) 	Creating falagard mapping for type 'TaharezLook/StaticImage' using base type 'DefaultWindow', window renderer 'Core/StaticImage' Look'N'Feel 'TaharezLook/StaticImage' and RenderEffect ''. (0x7ffda96b97c0)
28/04/2016 15:00:20 (Std) 	Creating falagard mapping for type 'TaharezLook/StaticText' using base type 'DefaultWindow', window renderer 'Core/StaticText' Look'N'Feel 'TaharezLook/StaticText' and RenderEffect ''. (0x7ffda96b97c0)
28/04/2016 15:00:20 (Std) 	Creating falagard mapping for type 'TaharezLook/ItemListbox' using base type 'CEGUI/ItemListbox', window renderer 'Core/ItemListbox' Look'N'Feel 'TaharezLook/ItemListbox' and RenderEffect ''. (0x7ffda96b97c0)
28/04/2016 15:00:20 (Std) 	Creating falagard mapping for type 'TaharezLook/ListboxItem' using base type 'CEGUI/ItemEntry', window renderer 'Core/ItemEntry' Look'N'Feel 'TaharezLook/ListboxItem' and RenderEffect ''. (0x7ffda96b97c0)
28/04/2016 15:00:20 (Std) 	Creating falagard mapping for type 'TaharezLook/GroupBox' using base type 'DefaultWindow', window renderer 'Core/Default' Look'N'Feel 'TaharezLook/GroupBox' and RenderEffect ''. (0x7ffda96b97c0)
28/04/2016 15:00:20 (Std) 	Creating falagard mapping for type 'TaharezLook/Tree' using base type 'CEGUI/Tree', window renderer 'Core/Tree' Look'N'Feel 'TaharezLook/Tree' and RenderEffect ''. (0x7ffda96b97c0)
